SF:lib/models/job_model/job_model.dart
DA:16,2
DA:17,2
LF:2
LH:2
end_of_record
SF:lib/models/job_model/job_model.g.dart
DA:9,4
DA:10,2
DA:11,2
DA:12,2
DA:13,2
DA:14,2
DA:17,4
DA:18,2
DA:19,2
DA:20,2
DA:21,2
DA:22,2
LF:12
LH:12
end_of_record
SF:lib/providers/saved_job_provider.dart
DA:7,8
DA:8,4
DA:13,3
DA:15,3
DA:16,1
DA:19,1
DA:20,3
DA:21,1
DA:25,1
DA:28,1
DA:29,1
DA:30,3
DA:32,5
DA:34,6
DA:35,2
DA:37,6
DA:38,2
LF:17
LH:17
end_of_record
SF:lib/providers/theme_provider.dart
DA:4,8
LF:1
LH:1
end_of_record
SF:lib/providers/job_details_provider.dart
DA:6,10
DA:10,2
DA:11,1
LF:3
LH:3
end_of_record
SF:lib/providers/jobs_provider.dart
DA:7,3
DA:8,0
DA:14,2
DA:16,2
DA:19,2
DA:21,4
DA:24,1
DA:25,1
DA:27,2
DA:28,2
DA:30,2
DA:34,2
DA:35,2
DA:36,2
DA:38,4
DA:40,2
DA:41,2
DA:42,8
DA:44,0
DA:47,2
DA:52,6
DA:53,0
LF:22
LH:19
end_of_record
SF:lib/services/jobs_service.dart
DA:9,3
DA:10,2
DA:12,1
DA:13,2
DA:14,1
DA:15,4
DA:17,1
DA:21,1
DA:22,2
DA:24,1
DA:27,1
DA:28,1
DA:30,0
DA:34,1
DA:35,3
DA:36,1
DA:37,1
DA:39,1
LF:18
LH:17
end_of_record
SF:lib/networks/api_handler.dart
DA:8,3
DA:10,4
DA:12,2
DA:17,1
DA:22,2
DA:25,1
DA:27,1
DA:30,1
DA:35,2
DA:38,1
DA:40,1
DA:45,1
DA:46,2
DA:47,4
DA:48,1
DA:50,3
LF:16
LH:16
end_of_record
SF:lib/presentation/jobs/job_details.dart
DA:12,3
DA:14,2
DA:16,8
DA:17,2
DA:18,2
DA:19,2
DA:20,0
DA:21,2
DA:22,2
DA:23,2
DA:24,2
DA:25,2
DA:26,2
DA:29,2
DA:30,2
DA:31,2
DA:32,2
DA:33,6
DA:37,2
DA:40,2
DA:41,2
DA:42,6
DA:45,2
DA:46,2
DA:47,6
DA:50,2
DA:51,2
DA:52,2
DA:54,2
DA:55,2
DA:56,6
DA:62,1
DA:63,1
DA:64,1
DA:65,3
DA:68,2
DA:69,4
LF:37
LH:36
end_of_record
SF:lib/presentation/jobs/save_button.dart
DA:10,2
DA:12,2
DA:14,4
DA:15,2
DA:16,0
DA:17,2
DA:19,2
DA:20,2
DA:21,0
DA:22,0
LF:10
LH:7
end_of_record
SF:lib/presentation/jobs/jobs.dart
DA:10,1
DA:17,1
DA:19,2
DA:20,3
DA:21,2
DA:22,1
DA:24,1
DA:25,1
DA:27,1
DA:28,1
DA:31,0
DA:33,0
DA:36,1
DA:37,1
DA:38,1
DA:40,0
DA:41,0
DA:42,0
DA:49,1
DA:50,1
DA:52,2
DA:53,4
DA:55,1
DA:56,1
DA:57,0
DA:58,0
DA:60,0
DA:64,1
DA:67,1
DA:68,1
DA:69,1
DA:71,1
DA:72,1
DA:74,1
DA:76,1
DA:77,1
DA:78,1
DA:83,1
DA:84,1
DA:89,1
DA:90,1
DA:95,1
DA:96,1
DA:103,1
DA:104,1
DA:105,1
DA:106,4
DA:107,4
DA:108,4
DA:109,4
DA:110,1
DA:111,1
DA:112,2
DA:113,2
DA:114,2
DA:115,2
DA:118,1
DA:137,1
DA:139,1
DA:141,1
DA:143,1
DA:145,2
DA:146,1
DA:147,2
DA:148,1
DA:150,4
DA:151,4
DA:153,1
DA:154,1
DA:156,4
DA:161,1
LF:71
LH:63
end_of_record
SF:lib/presentation/jobs/saved_jobs.dart
DA:8,4
DA:10,1
DA:12,2
DA:13,1
DA:14,1
DA:15,1
DA:16,1
DA:18,2
DA:19,1
DA:20,1
DA:21,3
DA:24,1
DA:25,1
DA:26,0
DA:27,0
DA:29,0
DA:34,1
DA:36,1
DA:37,1
DA:38,1
DA:39,1
DA:41,1
DA:42,1
DA:43,3
DA:45,1
DA:46,1
DA:47,3
DA:50,0
DA:51,0
DA:53,0
DA:54,0
DA:60,0
LF:32
LH:24
end_of_record
