SF:lib/models/job_model/job_model.dart
DA:16,2
DA:17,2
LF:2
LH:2
end_of_record
SF:lib/models/job_model/job_model.g.dart
DA:9,4
DA:10,2
DA:11,2
DA:12,2
DA:13,2
DA:14,2
DA:17,4
DA:18,2
DA:19,2
DA:20,2
DA:21,2
DA:22,2
LF:12
LH:12
end_of_record
SF:lib/providers/saved_job_provider.dart
DA:7,2
DA:8,1
DA:13,1
DA:15,1
DA:16,1
DA:19,1
DA:20,3
DA:21,1
DA:25,1
DA:28,1
DA:29,1
DA:30,3
DA:32,5
DA:34,6
DA:35,2
DA:37,6
DA:38,2
LF:17
LH:17
end_of_record
SF:lib/providers/theme_provider.dart
DA:4,4
LF:1
LH:1
end_of_record
SF:lib/providers/job_details_provider.dart
DA:6,4
DA:10,2
DA:11,1
LF:3
LH:3
end_of_record
SF:lib/providers/jobs_provider.dart
DA:7,3
DA:8,0
DA:14,1
DA:16,1
DA:19,1
DA:21,2
DA:24,1
DA:25,1
DA:27,2
DA:28,2
DA:30,2
DA:34,1
DA:35,1
DA:36,1
DA:38,2
DA:40,1
DA:41,1
DA:42,4
DA:44,0
DA:47,2
DA:52,3
DA:53,0
LF:22
LH:19
end_of_record
SF:lib/services/jobs_service.dart
DA:9,2
DA:10,2
DA:12,1
DA:13,2
DA:14,1
DA:15,4
DA:17,1
DA:21,1
DA:22,2
DA:24,1
DA:27,1
DA:28,1
DA:30,0
DA:34,1
DA:35,3
DA:36,1
DA:37,1
DA:39,1
LF:18
LH:17
end_of_record
SF:lib/networks/api_handler.dart
DA:8,2
DA:10,4
DA:12,2
DA:17,0
DA:22,0
DA:25,0
DA:27,0
DA:30,0
DA:35,0
DA:38,0
DA:40,0
DA:43,0
DA:48,0
DA:51,0
DA:53,0
DA:56,0
DA:61,0
DA:64,0
DA:66,0
DA:69,0
DA:70,0
DA:71,0
DA:72,0
DA:74,0
LF:24
LH:3
end_of_record
